<?xml version="1.0" encoding="UTF-8"?>
<TestRun id="1c4ff3b5-cc7a-4ae8-ae4d-b9a8ef4734f0" name="jguevara@JGUEVARA 2011-03-18 12:15:41" runUser="PSLCOL\jguevara" xmlns="http://microsoft.com/schemas/VisualStudio/TeamTest/2010">
  <TestSettings name="Local" id="0f8bc56c-8399-4acf-b46f-4a52f122ae72">
    <Description>These are default test settings for a local test run.</Description>
    <Deployment enabled="false" runDeploymentRoot="jguevara_JGUEVARA 2011-03-18 12_15_41" />
    <Execution>
      <TestTypeSpecific />
      <AgentRule name="Execution Agents">
      </AgentRule>
    </Execution>
  </TestSettings>
  <Times creation="2011-03-18T12:15:41.1322500-05:00" queuing="2011-03-18T12:15:42.3032500-05:00" start="2011-03-18T12:15:42.6712500-05:00" finish="2011-03-18T12:19:51.7282500-05:00" />
  <ResultSummary outcome="Error">
    <Counters total="1" error="0" failed="0" timeout="0" aborted="0" inconclusive="0" passedButRunAborted="0" notRunnable="0" notExecuted="1" disconnected="0" warning="0" passed="0" completed="0" inProgress="0" pending="0" />
    <RunInfos>
      <RunInfo computerName="JGUEVARA" outcome="Error" timestamp="2011-03-18T12:19:51.7212500-05:00">
        <Text>The connection to the controller was lost.</Text>
      </RunInfo>
    </RunInfos>
  </ResultSummary>
  <TestDefinitions>
    <UnitTest name="TestMethod1" storage="d:\jguevara\desarrollo\aria\netsdk\sdk-2010 - copia\src\ariarestclienttest\bin\debug\ariarestclienttest.dll" id="9022f448-24cc-69c1-fedb-d41b0690d960">
      <Execution timeOut="1800000" id="4d0f98e9-7567-48a3-a9b8-b1ac501ea670" />
      <TestMethod codeBase="D:/JGUEVARA/Desarrollo/Aria/NetSDK/SDK-2010 - copia/src/AriarestClientTest/bin/Debug/AriarestClientTest.DLL" adapterTypeName="Microsoft.VisualStudio.TestTools.TestTypes.Unit.UnitTestAdapter, Microsoft.VisualStudio.QualityTools.Tips.UnitTest.Adapter, Version=10.0.0.0, Culture=neutral, PublicKeyToken=b03f5f7f11d50a3a" className="Aria.SDK.AriaServices.AriaRestServices.Test.UnitTest1, AriarestClientTest, Version=1.0.0.0, Culture=neutral, PublicKeyToken=null" name="TestMethod1" />
    </UnitTest>
  </TestDefinitions>
  <TestLists>
    <TestList name="Results Not in a List" id="8c84fa94-04c1-424b-9868-57a2d4851a1d" />
    <TestList name="All Loaded Results" id="19431567-8539-422a-85d7-44ee4e166bda" />
  </TestLists>
  <TestEntries>
    <TestEntry testId="9022f448-24cc-69c1-fedb-d41b0690d960" executionId="4d0f98e9-7567-48a3-a9b8-b1ac501ea670" testListId="8c84fa94-04c1-424b-9868-57a2d4851a1d" />
  </TestEntries>
  <Results>
    <UnitTestResult executionId="4d0f98e9-7567-48a3-a9b8-b1ac501ea670" testId="9022f448-24cc-69c1-fedb-d41b0690d960" testName="TestMethod1" computerName="JGUEVARA" startTime="2011-03-18T12:15:42.7702500-05:00" testType="13cdc9d9-ddb5-4fa4-a97d-d965ccfc6d4b" outcome="NotExecuted" testListId="8c84fa94-04c1-424b-9868-57a2d4851a1d" relativeResultsDirectory="4d0f98e9-7567-48a3-a9b8-b1ac501ea670">
    </UnitTestResult>
  </Results>
</TestRun>